<?xml version="1.0" encoding="UTF-8"?>
<Site BuildName="Win32-mingw32-make"
	BuildStamp="20231005-0411-Experimental"
	Name="MSI"
	Generator="ctest-3.26.3"
	CompilerName="C:/mingw32/bin/g++.exe"
	CompilerVersion="13.2.0"
	OSName="Windows"
	Hostname="MSI"
	OSRelease=" Personal"
	OSVersion=" (Build 22621)"
	OSPlatform="AMD64"
	Is64Bits="1"
	VendorString="GenuineIntel"
	VendorID="Intel Corporation"
	FamilyID="6"
	ModelID="10"
	ProcessorCacheSize="-1"
	NumberOfLogicalCPU="20"
	NumberOfPhysicalCPU="14"
	TotalVirtualMemory="28372"
	TotalPhysicalMemory="16084"
	LogicalProcessorsPerPhysical="1"
	ProcessorClockFrequency="2688"
	>
	<Testing>
		<StartDateTime>Oct 05 16:06 SE Asia Standard Time</StartDateTime>
		<StartTestTime>1696496804</StartTestTime>
		<TestList/>
		<EndDateTime>Oct 05 16:06 SE Asia Standard Time</EndDateTime>
		<EndTestTime>1696496804</EndTestTime>
		<ElapsedMinutes>0</ElapsedMinutes>
	</Testing>
</Site>
